

[04/01/2022, 15:35:45] [exp-cssc_cssc_t1_origin]
============== start ==============
[04/01/2022, 15:35:45] [masking_exp-cssc_cssc_t1_origin]
get scores for 1786 papers
[04/01/2022, 15:35:46] [masking_exp-cssc_cssc_t1_origin]
task end within 1.429171 sec
[04/01/2022, 15:35:46] [exp-cssc_cssc_t1_origin]
============== end 1786 ==============


[04/01/2022, 15:35:46] [exp-cssc_cssc_t1_t]
============== start ==============
[04/01/2022, 15:35:46] [masking_exp-cssc_cssc_t1_t]
get scores for 1786 papers
[04/01/2022, 15:35:48] [masking_exp-cssc_cssc_t1_t]
task end within 1.388807 sec
[04/01/2022, 15:35:48] [exp-cssc_cssc_t1_t]
============== end 1786 ==============


[04/01/2022, 15:35:48] [exp-cssc_cssc_t1_abs]
============== start ==============
[04/01/2022, 15:35:48] [masking_exp-cssc_cssc_t1_abs]
get scores for 1786 papers
[04/01/2022, 15:35:49] [masking_exp-cssc_cssc_t1_abs]
task end within 1.162791 sec
[04/01/2022, 15:35:49] [exp-cssc_cssc_t1_abs]
============== end 1786 ==============


[04/01/2022, 15:35:49] [exp-cssc_cssc_t1_v]
============== start ==============
[04/01/2022, 15:35:49] [masking_exp-cssc_cssc_t1_v]
get scores for 1786 papers
[04/01/2022, 15:35:51] [masking_exp-cssc_cssc_t1_v]
task end within 1.555665 sec
[04/01/2022, 15:35:51] [exp-cssc_cssc_t1_v]
============== end 1786 ==============


[04/01/2022, 15:35:51] [exp-cssc_cssc_t1_au]
============== start ==============
[04/01/2022, 15:35:51] [masking_exp-cssc_cssc_t1_au]
get scores for 1786 papers
[04/01/2022, 15:35:52] [masking_exp-cssc_cssc_t1_au]
task end within 1.408128 sec
[04/01/2022, 15:35:52] [exp-cssc_cssc_t1_au]
============== end 1786 ==============


[04/01/2022, 15:35:52] [exp-cssc_cssc_t1_y]
============== start ==============
[04/01/2022, 15:35:52] [masking_exp-cssc_cssc_t1_y]
get scores for 1786 papers
[04/01/2022, 15:35:54] [masking_exp-cssc_cssc_t1_y]
task end within 1.456167 sec
[04/01/2022, 15:35:54] [exp-cssc_cssc_t1_y]
============== end 1786 ==============


[04/01/2022, 15:35:54] [exp-cssc_cssc_t1_c]
============== start ==============
[04/01/2022, 15:35:54] [masking_exp-cssc_cssc_t1_c]
get scores for 1786 papers
[04/01/2022, 15:35:55] [masking_exp-cssc_cssc_t1_c]
task end within 1.352145 sec
[04/01/2022, 15:35:55] [exp-cssc_cssc_t1_c]
============== end 1786 ==============


[04/01/2022, 15:35:55] [exp-cssc_cssc_t1_tabs]
============== start ==============
[04/01/2022, 15:35:55] [masking_exp-cssc_cssc_t1_tabs]
get scores for 1786 papers
[04/01/2022, 15:35:56] [masking_exp-cssc_cssc_t1_tabs]
task end within 1.109739 sec
[04/01/2022, 15:35:56] [exp-cssc_cssc_t1_tabs]
============== end 1786 ==============


[04/01/2022, 15:35:56] [exp-cssc_cssc_t1_tabsv]
============== start ==============
[04/01/2022, 15:35:56] [masking_exp-cssc_cssc_t1_tabsv]
get scores for 1786 papers
[04/01/2022, 15:35:57] [masking_exp-cssc_cssc_t1_tabsv]
task end within 1.051702 sec
[04/01/2022, 15:35:57] [exp-cssc_cssc_t1_tabsv]
============== end 1786 ==============


[04/01/2022, 15:35:57] [exp-cssc_cssc_t1_tabsvau]
============== start ==============
[04/01/2022, 15:35:57] [masking_exp-cssc_cssc_t1_tabsvau]
get scores for 1786 papers
[04/01/2022, 15:35:58] [masking_exp-cssc_cssc_t1_tabsvau]
task end within 0.86902 sec
[04/01/2022, 15:35:58] [exp-cssc_cssc_t1_tabsvau]
============== end 1786 ==============


[04/01/2022, 15:35:58] [exp-cssc_cssc_t1_tabsvauy]
============== start ==============
[04/01/2022, 15:35:58] [masking_exp-cssc_cssc_t1_tabsvauy]
get scores for 1786 papers
[04/01/2022, 15:35:59] [masking_exp-cssc_cssc_t1_tabsvauy]
task end within 0.934098 sec
[04/01/2022, 15:35:59] [exp-cssc_cssc_t1_tabsvauy]
============== end 1786 ==============


[04/01/2022, 15:35:59] [exp-cssc_cssc_t1_tabsvauyc]
============== start ==============
[04/01/2022, 15:35:59] [masking_exp-cssc_cssc_t1_tabsvauyc]
get scores for 1786 papers
[04/01/2022, 15:36:00] [masking_exp-cssc_cssc_t1_tabsvauyc]
task end within 0.927175 sec
[04/01/2022, 15:36:00] [exp-cssc_cssc_t1_tabsvauyc]
============== end 1786 ==============


[04/01/2022, 15:36:00] [exp-cssc_cssc_t1_tabsvauc]
============== start ==============
[04/01/2022, 15:36:00] [masking_exp-cssc_cssc_t1_tabsvauc]
get scores for 1786 papers
[04/01/2022, 15:36:01] [masking_exp-cssc_cssc_t1_tabsvauc]
task end within 0.930672 sec
[04/01/2022, 15:36:01] [exp-cssc_cssc_t1_tabsvauc]
============== end 1786 ==============


[04/01/2022, 15:36:01] [exp-cssc_cssc_t1_tabsvy]
============== start ==============
[04/01/2022, 15:36:01] [masking_exp-cssc_cssc_t1_tabsvy]
get scores for 1786 papers
[04/01/2022, 15:36:02] [masking_exp-cssc_cssc_t1_tabsvy]
task end within 1.142783 sec
[04/01/2022, 15:36:02] [exp-cssc_cssc_t1_tabsvy]
============== end 1786 ==============


[04/01/2022, 15:36:02] [exp-cssc_cssc_t1_tabsvyc]
============== start ==============
[04/01/2022, 15:36:02] [masking_exp-cssc_cssc_t1_tabsvyc]
get scores for 1786 papers
[04/01/2022, 15:36:03] [masking_exp-cssc_cssc_t1_tabsvyc]
task end within 1.101893 sec
[04/01/2022, 15:36:03] [exp-cssc_cssc_t1_tabsvyc]
============== end 1786 ==============


[04/01/2022, 15:36:03] [exp-cssc_cssc_t1_tabsvc]
============== start ==============
[04/01/2022, 15:36:03] [masking_exp-cssc_cssc_t1_tabsvc]
get scores for 1786 papers
[04/01/2022, 15:36:04] [masking_exp-cssc_cssc_t1_tabsvc]
task end within 1.014237 sec
[04/01/2022, 15:36:04] [exp-cssc_cssc_t1_tabsvc]
============== end 1786 ==============


[04/01/2022, 15:36:04] [exp-cssc_cssc_t1_tabsau]
============== start ==============
[04/01/2022, 15:36:04] [masking_exp-cssc_cssc_t1_tabsau]
get scores for 1786 papers
[04/01/2022, 15:36:05] [masking_exp-cssc_cssc_t1_tabsau]
task end within 1.025812 sec
[04/01/2022, 15:36:05] [exp-cssc_cssc_t1_tabsau]
============== end 1786 ==============


[04/01/2022, 15:36:05] [exp-cssc_cssc_t1_tabsauy]
============== start ==============
[04/01/2022, 15:36:05] [masking_exp-cssc_cssc_t1_tabsauy]
get scores for 1786 papers
[04/01/2022, 15:36:06] [masking_exp-cssc_cssc_t1_tabsauy]
task end within 0.922965 sec
[04/01/2022, 15:36:06] [exp-cssc_cssc_t1_tabsauy]
============== end 1786 ==============


[04/01/2022, 15:36:06] [exp-cssc_cssc_t1_tabsauyc]
============== start ==============
[04/01/2022, 15:36:06] [masking_exp-cssc_cssc_t1_tabsauyc]
get scores for 1786 papers
[04/01/2022, 15:36:07] [masking_exp-cssc_cssc_t1_tabsauyc]
task end within 0.960912 sec
[04/01/2022, 15:36:07] [exp-cssc_cssc_t1_tabsauyc]
============== end 1786 ==============


[04/01/2022, 15:36:07] [exp-cssc_cssc_t1_tabsauc]
============== start ==============
[04/01/2022, 15:36:07] [masking_exp-cssc_cssc_t1_tabsauc]
get scores for 1786 papers
[04/01/2022, 15:36:08] [masking_exp-cssc_cssc_t1_tabsauc]
task end within 0.966156 sec
[04/01/2022, 15:36:08] [exp-cssc_cssc_t1_tabsauc]
============== end 1786 ==============


[04/01/2022, 15:36:08] [exp-cssc_cssc_t1_tabsy]
============== start ==============
[04/01/2022, 15:36:08] [masking_exp-cssc_cssc_t1_tabsy]
get scores for 1786 papers
[04/01/2022, 15:36:10] [masking_exp-cssc_cssc_t1_tabsy]
task end within 1.123763 sec
[04/01/2022, 15:36:10] [exp-cssc_cssc_t1_tabsy]
============== end 1786 ==============


[04/01/2022, 15:36:10] [exp-cssc_cssc_t1_tabsyc]
============== start ==============
[04/01/2022, 15:36:10] [masking_exp-cssc_cssc_t1_tabsyc]
get scores for 1786 papers
[04/01/2022, 15:36:11] [masking_exp-cssc_cssc_t1_tabsyc]
task end within 1.078341 sec
[04/01/2022, 15:36:11] [exp-cssc_cssc_t1_tabsyc]
============== end 1786 ==============


[04/01/2022, 15:36:11] [exp-cssc_cssc_t1_tabsc]
============== start ==============
[04/01/2022, 15:36:11] [masking_exp-cssc_cssc_t1_tabsc]
get scores for 1786 papers
[04/01/2022, 15:36:12] [masking_exp-cssc_cssc_t1_tabsc]
task end within 1.047959 sec
[04/01/2022, 15:36:12] [exp-cssc_cssc_t1_tabsc]
============== end 1786 ==============


[04/01/2022, 15:36:12] [exp-cssc_cssc_t1_tv]
============== start ==============
[04/01/2022, 15:36:12] [masking_exp-cssc_cssc_t1_tv]
get scores for 1786 papers
[04/01/2022, 15:36:13] [masking_exp-cssc_cssc_t1_tv]
task end within 1.35498 sec
[04/01/2022, 15:36:13] [exp-cssc_cssc_t1_tv]
============== end 1786 ==============


[04/01/2022, 15:36:13] [exp-cssc_cssc_t1_tvau]
============== start ==============
[04/01/2022, 15:36:13] [masking_exp-cssc_cssc_t1_tvau]
get scores for 1786 papers
[04/01/2022, 15:36:14] [masking_exp-cssc_cssc_t1_tvau]
task end within 1.259744 sec
[04/01/2022, 15:36:14] [exp-cssc_cssc_t1_tvau]
============== end 1786 ==============


[04/01/2022, 15:36:14] [exp-cssc_cssc_t1_tvauy]
============== start ==============
[04/01/2022, 15:36:14] [masking_exp-cssc_cssc_t1_tvauy]
get scores for 1786 papers
[04/01/2022, 15:36:16] [masking_exp-cssc_cssc_t1_tvauy]
task end within 1.262244 sec
[04/01/2022, 15:36:16] [exp-cssc_cssc_t1_tvauy]
============== end 1786 ==============


[04/01/2022, 15:36:16] [exp-cssc_cssc_t1_tvauyc]
============== start ==============
[04/01/2022, 15:36:16] [masking_exp-cssc_cssc_t1_tvauyc]
get scores for 1786 papers
[04/01/2022, 15:36:17] [masking_exp-cssc_cssc_t1_tvauyc]
task end within 1.327302 sec
[04/01/2022, 15:36:17] [exp-cssc_cssc_t1_tvauyc]
============== end 1786 ==============


[04/01/2022, 15:36:17] [exp-cssc_cssc_t1_tvauc]
============== start ==============
[04/01/2022, 15:36:17] [masking_exp-cssc_cssc_t1_tvauc]
get scores for 1786 papers
[04/01/2022, 15:36:18] [masking_exp-cssc_cssc_t1_tvauc]
task end within 1.312206 sec
[04/01/2022, 15:36:18] [exp-cssc_cssc_t1_tvauc]
============== end 1786 ==============


[04/01/2022, 15:36:18] [exp-cssc_cssc_t1_tvy]
============== start ==============
[04/01/2022, 15:36:19] [masking_exp-cssc_cssc_t1_tvy]
get scores for 1786 papers
[04/01/2022, 15:36:20] [masking_exp-cssc_cssc_t1_tvy]
task end within 1.326492 sec
[04/01/2022, 15:36:20] [exp-cssc_cssc_t1_tvy]
============== end 1786 ==============


[04/01/2022, 15:36:20] [exp-cssc_cssc_t1_tvyc]
============== start ==============
[04/01/2022, 15:36:20] [masking_exp-cssc_cssc_t1_tvyc]
get scores for 1786 papers
[04/01/2022, 15:36:21] [masking_exp-cssc_cssc_t1_tvyc]
task end within 1.409894 sec
[04/01/2022, 15:36:21] [exp-cssc_cssc_t1_tvyc]
============== end 1786 ==============


[04/01/2022, 15:36:21] [exp-cssc_cssc_t1_tvc]
============== start ==============
[04/01/2022, 15:36:21] [masking_exp-cssc_cssc_t1_tvc]
get scores for 1786 papers
[04/01/2022, 15:36:23] [masking_exp-cssc_cssc_t1_tvc]
task end within 1.399185 sec
[04/01/2022, 15:36:23] [exp-cssc_cssc_t1_tvc]
============== end 1786 ==============


[04/01/2022, 15:36:23] [exp-cssc_cssc_t1_tau]
============== start ==============
[04/01/2022, 15:36:23] [masking_exp-cssc_cssc_t1_tau]
get scores for 1786 papers
[04/01/2022, 15:36:24] [masking_exp-cssc_cssc_t1_tau]
task end within 1.283503 sec
[04/01/2022, 15:36:24] [exp-cssc_cssc_t1_tau]
============== end 1786 ==============


[04/01/2022, 15:36:24] [exp-cssc_cssc_t1_tauy]
============== start ==============
[04/01/2022, 15:36:24] [masking_exp-cssc_cssc_t1_tauy]
get scores for 1786 papers
[04/01/2022, 15:36:25] [masking_exp-cssc_cssc_t1_tauy]
task end within 1.219544 sec
[04/01/2022, 15:36:25] [exp-cssc_cssc_t1_tauy]
============== end 1786 ==============


[04/01/2022, 15:36:25] [exp-cssc_cssc_t1_tauyc]
============== start ==============
[04/01/2022, 15:36:25] [masking_exp-cssc_cssc_t1_tauyc]
get scores for 1786 papers
[04/01/2022, 15:36:27] [masking_exp-cssc_cssc_t1_tauyc]
task end within 1.19774 sec
[04/01/2022, 15:36:27] [exp-cssc_cssc_t1_tauyc]
============== end 1786 ==============


[04/01/2022, 15:36:27] [exp-cssc_cssc_t1_tauc]
============== start ==============
[04/01/2022, 15:36:27] [masking_exp-cssc_cssc_t1_tauc]
get scores for 1786 papers
[04/01/2022, 15:36:28] [masking_exp-cssc_cssc_t1_tauc]
task end within 1.270383 sec
[04/01/2022, 15:36:28] [exp-cssc_cssc_t1_tauc]
============== end 1786 ==============


[04/01/2022, 15:36:28] [exp-cssc_cssc_t1_ty]
============== start ==============
[04/01/2022, 15:36:28] [masking_exp-cssc_cssc_t1_ty]
get scores for 1786 papers
[04/01/2022, 15:36:29] [masking_exp-cssc_cssc_t1_ty]
task end within 1.370182 sec
[04/01/2022, 15:36:29] [exp-cssc_cssc_t1_ty]
============== end 1786 ==============


[04/01/2022, 15:36:29] [exp-cssc_cssc_t1_tyc]
============== start ==============
[04/01/2022, 15:36:29] [masking_exp-cssc_cssc_t1_tyc]
get scores for 1786 papers
[04/01/2022, 15:36:31] [masking_exp-cssc_cssc_t1_tyc]
task end within 1.37873 sec
[04/01/2022, 15:36:31] [exp-cssc_cssc_t1_tyc]
============== end 1786 ==============


[04/01/2022, 15:36:31] [exp-cssc_cssc_t1_tc]
============== start ==============
[04/01/2022, 15:36:31] [masking_exp-cssc_cssc_t1_tc]
get scores for 1786 papers
[04/01/2022, 15:36:32] [masking_exp-cssc_cssc_t1_tc]
task end within 1.338518 sec
[04/01/2022, 15:36:32] [exp-cssc_cssc_t1_tc]
============== end 1786 ==============


[04/01/2022, 15:36:32] [exp-cssc_cssc_t1_absv]
============== start ==============
[04/01/2022, 15:36:32] [masking_exp-cssc_cssc_t1_absv]
get scores for 1786 papers
[04/01/2022, 15:36:33] [masking_exp-cssc_cssc_t1_absv]
task end within 1.099668 sec
[04/01/2022, 15:36:33] [exp-cssc_cssc_t1_absv]
============== end 1786 ==============


[04/01/2022, 15:36:33] [exp-cssc_cssc_t1_absvau]
============== start ==============
[04/01/2022, 15:36:33] [masking_exp-cssc_cssc_t1_absvau]
get scores for 1786 papers
[04/01/2022, 15:36:34] [masking_exp-cssc_cssc_t1_absvau]
task end within 1.013296 sec
[04/01/2022, 15:36:34] [exp-cssc_cssc_t1_absvau]
============== end 1786 ==============


[04/01/2022, 15:36:34] [exp-cssc_cssc_t1_absvauy]
============== start ==============
[04/01/2022, 15:36:34] [masking_exp-cssc_cssc_t1_absvauy]
get scores for 1786 papers
[04/01/2022, 15:36:35] [masking_exp-cssc_cssc_t1_absvauy]
task end within 1.031497 sec
[04/01/2022, 15:36:35] [exp-cssc_cssc_t1_absvauy]
============== end 1786 ==============


[04/01/2022, 15:36:35] [exp-cssc_cssc_t1_absvauyc]
============== start ==============
[04/01/2022, 15:36:35] [masking_exp-cssc_cssc_t1_absvauyc]
get scores for 1786 papers
[04/01/2022, 15:36:36] [masking_exp-cssc_cssc_t1_absvauyc]
task end within 1.050421 sec
[04/01/2022, 15:36:36] [exp-cssc_cssc_t1_absvauyc]
============== end 1786 ==============


[04/01/2022, 15:36:36] [exp-cssc_cssc_t1_absvauc]
============== start ==============
[04/01/2022, 15:36:36] [masking_exp-cssc_cssc_t1_absvauc]
get scores for 1786 papers
[04/01/2022, 15:36:37] [masking_exp-cssc_cssc_t1_absvauc]
task end within 0.981227 sec
[04/01/2022, 15:36:37] [exp-cssc_cssc_t1_absvauc]
============== end 1786 ==============


[04/01/2022, 15:36:37] [exp-cssc_cssc_t1_absvy]
============== start ==============
[04/01/2022, 15:36:37] [masking_exp-cssc_cssc_t1_absvy]
get scores for 1786 papers
[04/01/2022, 15:36:39] [masking_exp-cssc_cssc_t1_absvy]
task end within 1.149413 sec
[04/01/2022, 15:36:39] [exp-cssc_cssc_t1_absvy]
============== end 1786 ==============


[04/01/2022, 15:36:39] [exp-cssc_cssc_t1_absvyc]
============== start ==============
[04/01/2022, 15:36:39] [masking_exp-cssc_cssc_t1_absvyc]
get scores for 1786 papers
[04/01/2022, 15:36:40] [masking_exp-cssc_cssc_t1_absvyc]
task end within 1.126223 sec
[04/01/2022, 15:36:40] [exp-cssc_cssc_t1_absvyc]
============== end 1786 ==============


[04/01/2022, 15:36:40] [exp-cssc_cssc_t1_absvc]
============== start ==============
[04/01/2022, 15:36:40] [masking_exp-cssc_cssc_t1_absvc]
get scores for 1786 papers
[04/01/2022, 15:36:41] [masking_exp-cssc_cssc_t1_absvc]
task end within 1.168581 sec
[04/01/2022, 15:36:41] [exp-cssc_cssc_t1_absvc]
============== end 1786 ==============


[04/01/2022, 15:36:41] [exp-cssc_cssc_t1_absau]
============== start ==============
[04/01/2022, 15:36:41] [masking_exp-cssc_cssc_t1_absau]
get scores for 1786 papers
[04/01/2022, 15:36:42] [masking_exp-cssc_cssc_t1_absau]
task end within 1.116265 sec
[04/01/2022, 15:36:42] [exp-cssc_cssc_t1_absau]
============== end 1786 ==============


[04/01/2022, 15:36:42] [exp-cssc_cssc_t1_absauy]
============== start ==============
[04/01/2022, 15:36:42] [masking_exp-cssc_cssc_t1_absauy]
get scores for 1786 papers
[04/01/2022, 15:36:43] [masking_exp-cssc_cssc_t1_absauy]
task end within 1.082293 sec
[04/01/2022, 15:36:43] [exp-cssc_cssc_t1_absauy]
============== end 1786 ==============


[04/01/2022, 15:36:43] [exp-cssc_cssc_t1_absauyc]
============== start ==============
[04/01/2022, 15:36:43] [masking_exp-cssc_cssc_t1_absauyc]
get scores for 1786 papers
[04/01/2022, 15:36:44] [masking_exp-cssc_cssc_t1_absauyc]
task end within 1.004873 sec
[04/01/2022, 15:36:44] [exp-cssc_cssc_t1_absauyc]
============== end 1786 ==============


[04/01/2022, 15:36:44] [exp-cssc_cssc_t1_absauc]
============== start ==============
[04/01/2022, 15:36:44] [masking_exp-cssc_cssc_t1_absauc]
get scores for 1786 papers
[04/01/2022, 15:36:45] [masking_exp-cssc_cssc_t1_absauc]
task end within 0.993893 sec
[04/01/2022, 15:36:45] [exp-cssc_cssc_t1_absauc]
============== end 1786 ==============


[04/01/2022, 15:36:45] [exp-cssc_cssc_t1_absy]
============== start ==============
[04/01/2022, 15:36:45] [masking_exp-cssc_cssc_t1_absy]
get scores for 1786 papers
[04/01/2022, 15:36:46] [masking_exp-cssc_cssc_t1_absy]
task end within 1.129339 sec
[04/01/2022, 15:36:46] [exp-cssc_cssc_t1_absy]
============== end 1786 ==============


[04/01/2022, 15:36:46] [exp-cssc_cssc_t1_absyc]
============== start ==============
[04/01/2022, 15:36:47] [masking_exp-cssc_cssc_t1_absyc]
get scores for 1786 papers
[04/01/2022, 15:36:48] [masking_exp-cssc_cssc_t1_absyc]
task end within 1.17422 sec
[04/01/2022, 15:36:48] [exp-cssc_cssc_t1_absyc]
============== end 1786 ==============


[04/01/2022, 15:36:48] [exp-cssc_cssc_t1_absc]
============== start ==============
[04/01/2022, 15:36:48] [masking_exp-cssc_cssc_t1_absc]
get scores for 1786 papers
[04/01/2022, 15:36:49] [masking_exp-cssc_cssc_t1_absc]
task end within 1.121211 sec
[04/01/2022, 15:36:49] [exp-cssc_cssc_t1_absc]
============== end 1786 ==============


[04/01/2022, 15:36:49] [exp-cssc_cssc_t1_vau]
============== start ==============
[04/01/2022, 15:36:49] [masking_exp-cssc_cssc_t1_vau]
get scores for 1786 papers
[04/01/2022, 15:36:50] [masking_exp-cssc_cssc_t1_vau]
task end within 1.271913 sec
[04/01/2022, 15:36:50] [exp-cssc_cssc_t1_vau]
============== end 1786 ==============


[04/01/2022, 15:36:50] [exp-cssc_cssc_t1_vauy]
============== start ==============
[04/01/2022, 15:36:50] [masking_exp-cssc_cssc_t1_vauy]
get scores for 1786 papers
[04/01/2022, 15:36:51] [masking_exp-cssc_cssc_t1_vauy]
task end within 1.273152 sec
[04/01/2022, 15:36:51] [exp-cssc_cssc_t1_vauy]
============== end 1786 ==============


[04/01/2022, 15:36:51] [exp-cssc_cssc_t1_vauyc]
============== start ==============
[04/01/2022, 15:36:52] [masking_exp-cssc_cssc_t1_vauyc]
get scores for 1786 papers
[04/01/2022, 15:36:53] [masking_exp-cssc_cssc_t1_vauyc]
task end within 1.282692 sec
[04/01/2022, 15:36:53] [exp-cssc_cssc_t1_vauyc]
============== end 1786 ==============


[04/01/2022, 15:36:53] [exp-cssc_cssc_t1_vauc]
============== start ==============
[04/01/2022, 15:36:53] [masking_exp-cssc_cssc_t1_vauc]
get scores for 1786 papers
[04/01/2022, 15:36:54] [masking_exp-cssc_cssc_t1_vauc]
task end within 1.250817 sec
[04/01/2022, 15:36:54] [exp-cssc_cssc_t1_vauc]
============== end 1786 ==============


[04/01/2022, 15:36:54] [exp-cssc_cssc_t1_vy]
============== start ==============
[04/01/2022, 15:36:54] [masking_exp-cssc_cssc_t1_vy]
get scores for 1786 papers
[04/01/2022, 15:36:56] [masking_exp-cssc_cssc_t1_vy]
task end within 1.396661 sec
[04/01/2022, 15:36:56] [exp-cssc_cssc_t1_vy]
============== end 1786 ==============


[04/01/2022, 15:36:56] [exp-cssc_cssc_t1_vyc]
============== start ==============
[04/01/2022, 15:36:56] [masking_exp-cssc_cssc_t1_vyc]
get scores for 1786 papers
[04/01/2022, 15:36:57] [masking_exp-cssc_cssc_t1_vyc]
task end within 1.389943 sec
[04/01/2022, 15:36:57] [exp-cssc_cssc_t1_vyc]
============== end 1786 ==============


[04/01/2022, 15:36:57] [exp-cssc_cssc_t1_vc]
============== start ==============
[04/01/2022, 15:36:57] [masking_exp-cssc_cssc_t1_vc]
get scores for 1786 papers
[04/01/2022, 15:36:58] [masking_exp-cssc_cssc_t1_vc]
task end within 1.462947 sec
[04/01/2022, 15:36:58] [exp-cssc_cssc_t1_vc]
============== end 1786 ==============


[04/01/2022, 15:36:58] [exp-cssc_cssc_t1_auy]
============== start ==============
[04/01/2022, 15:36:58] [masking_exp-cssc_cssc_t1_auy]
get scores for 1786 papers
[04/01/2022, 15:37:00] [masking_exp-cssc_cssc_t1_auy]
task end within 1.336469 sec
[04/01/2022, 15:37:00] [exp-cssc_cssc_t1_auy]
============== end 1786 ==============


[04/01/2022, 15:37:00] [exp-cssc_cssc_t1_auyc]
============== start ==============
[04/01/2022, 15:37:00] [masking_exp-cssc_cssc_t1_auyc]
get scores for 1786 papers
[04/01/2022, 15:37:01] [masking_exp-cssc_cssc_t1_auyc]
task end within 1.332979 sec
[04/01/2022, 15:37:01] [exp-cssc_cssc_t1_auyc]
============== end 1786 ==============


[04/01/2022, 15:37:01] [exp-cssc_cssc_t1_auc]
============== start ==============
[04/01/2022, 15:37:01] [masking_exp-cssc_cssc_t1_auc]
get scores for 1786 papers
[04/01/2022, 15:37:03] [masking_exp-cssc_cssc_t1_auc]
task end within 1.302025 sec
[04/01/2022, 15:37:03] [exp-cssc_cssc_t1_auc]
============== end 1786 ==============


[04/01/2022, 15:37:03] [exp-cssc_cssc_t1_yc]
============== start ==============
[04/01/2022, 15:37:03] [masking_exp-cssc_cssc_t1_yc]
get scores for 1786 papers
[04/01/2022, 15:37:04] [masking_exp-cssc_cssc_t1_yc]
task end within 1.443323 sec
[04/01/2022, 15:37:04] [exp-cssc_cssc_t1_yc]
============== end 1786 ==============


[04/01/2022, 15:37:04] [exp-csms_csms_t1_origin]
============== start ==============
[04/01/2022, 15:37:04] [masking_exp-csms_csms_t1_origin]
get scores for 1670 papers
[04/01/2022, 15:37:06] [masking_exp-csms_csms_t1_origin]
task end within 1.517654 sec
[04/01/2022, 15:37:06] [exp-csms_csms_t1_origin]
============== end 1670 ==============


[04/01/2022, 15:37:06] [exp-csms_csms_t1_t]
============== start ==============
[04/01/2022, 15:37:06] [masking_exp-csms_csms_t1_t]
get scores for 1670 papers
[04/01/2022, 15:37:07] [masking_exp-csms_csms_t1_t]
task end within 1.42278 sec
[04/01/2022, 15:37:07] [exp-csms_csms_t1_t]
============== end 1670 ==============


[04/01/2022, 15:37:07] [exp-csms_csms_t1_abs]
============== start ==============
[04/01/2022, 15:37:07] [masking_exp-csms_csms_t1_abs]
get scores for 1670 papers
[04/01/2022, 15:37:08] [masking_exp-csms_csms_t1_abs]
task end within 1.188801 sec
[04/01/2022, 15:37:08] [exp-csms_csms_t1_abs]
============== end 1670 ==============


[04/01/2022, 15:37:08] [exp-csms_csms_t1_v]
============== start ==============
[04/01/2022, 15:37:08] [masking_exp-csms_csms_t1_v]
get scores for 1670 papers
[04/01/2022, 15:37:10] [masking_exp-csms_csms_t1_v]
task end within 1.436568 sec
[04/01/2022, 15:37:10] [exp-csms_csms_t1_v]
============== end 1670 ==============


[04/01/2022, 15:37:10] [exp-csms_csms_t1_au]
============== start ==============
[04/01/2022, 15:37:10] [masking_exp-csms_csms_t1_au]
get scores for 1670 papers
[04/01/2022, 15:37:11] [masking_exp-csms_csms_t1_au]
task end within 1.260665 sec
[04/01/2022, 15:37:11] [exp-csms_csms_t1_au]
============== end 1670 ==============


[04/01/2022, 15:37:11] [exp-csms_csms_t1_y]
============== start ==============
[04/01/2022, 15:37:11] [masking_exp-csms_csms_t1_y]
get scores for 1670 papers
[04/01/2022, 15:37:13] [masking_exp-csms_csms_t1_y]
task end within 1.514492 sec
[04/01/2022, 15:37:13] [exp-csms_csms_t1_y]
============== end 1670 ==============


[04/01/2022, 15:37:13] [exp-csms_csms_t1_c]
============== start ==============
[04/01/2022, 15:37:13] [masking_exp-csms_csms_t1_c]
get scores for 1670 papers
[04/01/2022, 15:37:14] [masking_exp-csms_csms_t1_c]
task end within 1.421999 sec
[04/01/2022, 15:37:14] [exp-csms_csms_t1_c]
============== end 1670 ==============


[04/01/2022, 15:37:14] [exp-csms_csms_t1_tabs]
============== start ==============
[04/01/2022, 15:37:14] [masking_exp-csms_csms_t1_tabs]
get scores for 1670 papers
[04/01/2022, 15:37:15] [masking_exp-csms_csms_t1_tabs]
task end within 1.092587 sec
[04/01/2022, 15:37:15] [exp-csms_csms_t1_tabs]
============== end 1670 ==============


[04/01/2022, 15:37:15] [exp-csms_csms_t1_tabsv]
============== start ==============
[04/01/2022, 15:37:15] [masking_exp-csms_csms_t1_tabsv]
get scores for 1670 papers
[04/01/2022, 15:37:16] [masking_exp-csms_csms_t1_tabsv]
task end within 1.047445 sec
[04/01/2022, 15:37:16] [exp-csms_csms_t1_tabsv]
============== end 1670 ==============


[04/01/2022, 15:37:16] [exp-csms_csms_t1_tabsvau]
============== start ==============
[04/01/2022, 15:37:16] [masking_exp-csms_csms_t1_tabsvau]
get scores for 1670 papers
[04/01/2022, 15:37:17] [masking_exp-csms_csms_t1_tabsvau]
task end within 0.890083 sec
[04/01/2022, 15:37:17] [exp-csms_csms_t1_tabsvau]
============== end 1670 ==============


[04/01/2022, 15:37:17] [exp-csms_csms_t1_tabsvauy]
============== start ==============
[04/01/2022, 15:37:17] [masking_exp-csms_csms_t1_tabsvauy]
get scores for 1670 papers
[04/01/2022, 15:37:18] [masking_exp-csms_csms_t1_tabsvauy]
task end within 0.918648 sec
[04/01/2022, 15:37:18] [exp-csms_csms_t1_tabsvauy]
============== end 1670 ==============


[04/01/2022, 15:37:18] [exp-csms_csms_t1_tabsvauyc]
============== start ==============
[04/01/2022, 15:37:18] [masking_exp-csms_csms_t1_tabsvauyc]
get scores for 1670 papers
[04/01/2022, 15:37:19] [masking_exp-csms_csms_t1_tabsvauyc]
task end within 0.898335 sec
[04/01/2022, 15:37:19] [exp-csms_csms_t1_tabsvauyc]
============== end 1670 ==============


[04/01/2022, 15:37:19] [exp-csms_csms_t1_tabsvauc]
============== start ==============
[04/01/2022, 15:37:19] [masking_exp-csms_csms_t1_tabsvauc]
get scores for 1670 papers
[04/01/2022, 15:37:20] [masking_exp-csms_csms_t1_tabsvauc]
task end within 0.853896 sec
[04/01/2022, 15:37:20] [exp-csms_csms_t1_tabsvauc]
============== end 1670 ==============


[04/01/2022, 15:37:20] [exp-csms_csms_t1_tabsvy]
============== start ==============
[04/01/2022, 15:37:20] [masking_exp-csms_csms_t1_tabsvy]
get scores for 1670 papers
[04/01/2022, 15:37:21] [masking_exp-csms_csms_t1_tabsvy]
task end within 1.026269 sec
[04/01/2022, 15:37:21] [exp-csms_csms_t1_tabsvy]
============== end 1670 ==============


[04/01/2022, 15:37:21] [exp-csms_csms_t1_tabsvyc]
============== start ==============
[04/01/2022, 15:37:21] [masking_exp-csms_csms_t1_tabsvyc]
get scores for 1670 papers
[04/01/2022, 15:37:22] [masking_exp-csms_csms_t1_tabsvyc]
task end within 1.047087 sec
[04/01/2022, 15:37:22] [exp-csms_csms_t1_tabsvyc]
============== end 1670 ==============


[04/01/2022, 15:37:22] [exp-csms_csms_t1_tabsvc]
============== start ==============
[04/01/2022, 15:37:22] [masking_exp-csms_csms_t1_tabsvc]
get scores for 1670 papers
[04/01/2022, 15:37:23] [masking_exp-csms_csms_t1_tabsvc]
task end within 1.09362 sec
[04/01/2022, 15:37:23] [exp-csms_csms_t1_tabsvc]
============== end 1670 ==============


[04/01/2022, 15:37:23] [exp-csms_csms_t1_tabsau]
============== start ==============
[04/01/2022, 15:37:23] [masking_exp-csms_csms_t1_tabsau]
get scores for 1670 papers
[04/01/2022, 15:37:24] [masking_exp-csms_csms_t1_tabsau]
task end within 0.981459 sec
[04/01/2022, 15:37:24] [exp-csms_csms_t1_tabsau]
============== end 1670 ==============


[04/01/2022, 15:37:24] [exp-csms_csms_t1_tabsauy]
============== start ==============
[04/01/2022, 15:37:24] [masking_exp-csms_csms_t1_tabsauy]
get scores for 1670 papers
[04/01/2022, 15:37:25] [masking_exp-csms_csms_t1_tabsauy]
task end within 0.965127 sec
[04/01/2022, 15:37:25] [exp-csms_csms_t1_tabsauy]
============== end 1670 ==============


[04/01/2022, 15:37:25] [exp-csms_csms_t1_tabsauyc]
============== start ==============
[04/01/2022, 15:37:25] [masking_exp-csms_csms_t1_tabsauyc]
get scores for 1670 papers
[04/01/2022, 15:37:26] [masking_exp-csms_csms_t1_tabsauyc]
task end within 0.948329 sec
[04/01/2022, 15:37:26] [exp-csms_csms_t1_tabsauyc]
============== end 1670 ==============


[04/01/2022, 15:37:26] [exp-csms_csms_t1_tabsauc]
============== start ==============
[04/01/2022, 15:37:26] [masking_exp-csms_csms_t1_tabsauc]
get scores for 1670 papers
[04/01/2022, 15:37:27] [masking_exp-csms_csms_t1_tabsauc]
task end within 0.962391 sec
[04/01/2022, 15:37:27] [exp-csms_csms_t1_tabsauc]
============== end 1670 ==============


[04/01/2022, 15:37:27] [exp-csms_csms_t1_tabsy]
============== start ==============
[04/01/2022, 15:37:27] [masking_exp-csms_csms_t1_tabsy]
get scores for 1670 papers
[04/01/2022, 15:37:28] [masking_exp-csms_csms_t1_tabsy]
task end within 1.207472 sec
[04/01/2022, 15:37:28] [exp-csms_csms_t1_tabsy]
============== end 1670 ==============


[04/01/2022, 15:37:28] [exp-csms_csms_t1_tabsyc]
============== start ==============
[04/01/2022, 15:37:28] [masking_exp-csms_csms_t1_tabsyc]
get scores for 1670 papers
[04/01/2022, 15:37:30] [masking_exp-csms_csms_t1_tabsyc]
task end within 1.14614 sec
[04/01/2022, 15:37:30] [exp-csms_csms_t1_tabsyc]
============== end 1670 ==============


[04/01/2022, 15:37:30] [exp-csms_csms_t1_tabsc]
============== start ==============
[04/01/2022, 15:37:30] [masking_exp-csms_csms_t1_tabsc]
get scores for 1670 papers
[04/01/2022, 15:37:31] [masking_exp-csms_csms_t1_tabsc]
task end within 1.143124 sec
[04/01/2022, 15:37:31] [exp-csms_csms_t1_tabsc]
============== end 1670 ==============


[04/01/2022, 15:37:31] [exp-csms_csms_t1_tv]
============== start ==============
[04/01/2022, 15:37:31] [masking_exp-csms_csms_t1_tv]
get scores for 1670 papers
[04/01/2022, 15:37:32] [masking_exp-csms_csms_t1_tv]
task end within 1.27604 sec
[04/01/2022, 15:37:32] [exp-csms_csms_t1_tv]
============== end 1670 ==============


[04/01/2022, 15:37:32] [exp-csms_csms_t1_tvau]
============== start ==============
[04/01/2022, 15:37:32] [masking_exp-csms_csms_t1_tvau]
get scores for 1670 papers
[04/01/2022, 15:37:33] [masking_exp-csms_csms_t1_tvau]
task end within 1.181825 sec
[04/01/2022, 15:37:33] [exp-csms_csms_t1_tvau]
============== end 1670 ==============


[04/01/2022, 15:37:33] [exp-csms_csms_t1_tvauy]
============== start ==============
[04/01/2022, 15:37:33] [masking_exp-csms_csms_t1_tvauy]
get scores for 1670 papers
[04/01/2022, 15:37:35] [masking_exp-csms_csms_t1_tvauy]
task end within 1.164071 sec
[04/01/2022, 15:37:35] [exp-csms_csms_t1_tvauy]
============== end 1670 ==============


[04/01/2022, 15:37:35] [exp-csms_csms_t1_tvauyc]
============== start ==============
[04/01/2022, 15:37:35] [masking_exp-csms_csms_t1_tvauyc]
get scores for 1670 papers
[04/01/2022, 15:37:36] [masking_exp-csms_csms_t1_tvauyc]
task end within 1.213209 sec
[04/01/2022, 15:37:36] [exp-csms_csms_t1_tvauyc]
============== end 1670 ==============


[04/01/2022, 15:37:36] [exp-csms_csms_t1_tvauc]
============== start ==============
[04/01/2022, 15:37:36] [masking_exp-csms_csms_t1_tvauc]
get scores for 1670 papers
[04/01/2022, 15:37:37] [masking_exp-csms_csms_t1_tvauc]
task end within 1.167786 sec
[04/01/2022, 15:37:37] [exp-csms_csms_t1_tvauc]
============== end 1670 ==============


[04/01/2022, 15:37:37] [exp-csms_csms_t1_tvy]
============== start ==============
[04/01/2022, 15:37:37] [masking_exp-csms_csms_t1_tvy]
get scores for 1670 papers
[04/01/2022, 15:37:38] [masking_exp-csms_csms_t1_tvy]
task end within 1.395075 sec
[04/01/2022, 15:37:38] [exp-csms_csms_t1_tvy]
============== end 1670 ==============


[04/01/2022, 15:37:38] [exp-csms_csms_t1_tvyc]
============== start ==============
[04/01/2022, 15:37:38] [masking_exp-csms_csms_t1_tvyc]
get scores for 1670 papers
[04/01/2022, 15:37:40] [masking_exp-csms_csms_t1_tvyc]
task end within 1.299923 sec
[04/01/2022, 15:37:40] [exp-csms_csms_t1_tvyc]
============== end 1670 ==============


[04/01/2022, 15:37:40] [exp-csms_csms_t1_tvc]
============== start ==============
[04/01/2022, 15:37:40] [masking_exp-csms_csms_t1_tvc]
get scores for 1670 papers
[04/01/2022, 15:37:41] [masking_exp-csms_csms_t1_tvc]
task end within 1.318756 sec
[04/01/2022, 15:37:41] [exp-csms_csms_t1_tvc]
============== end 1670 ==============


[04/01/2022, 15:37:41] [exp-csms_csms_t1_tau]
============== start ==============
[04/01/2022, 15:37:41] [masking_exp-csms_csms_t1_tau]
get scores for 1670 papers
[04/01/2022, 15:37:42] [masking_exp-csms_csms_t1_tau]
task end within 1.236032 sec
[04/01/2022, 15:37:42] [exp-csms_csms_t1_tau]
============== end 1670 ==============


[04/01/2022, 15:37:42] [exp-csms_csms_t1_tauy]
============== start ==============
[04/01/2022, 15:37:42] [masking_exp-csms_csms_t1_tauy]
get scores for 1670 papers
[04/01/2022, 15:37:44] [masking_exp-csms_csms_t1_tauy]
task end within 1.242134 sec
[04/01/2022, 15:37:44] [exp-csms_csms_t1_tauy]
============== end 1670 ==============


[04/01/2022, 15:37:44] [exp-csms_csms_t1_tauyc]
============== start ==============
[04/01/2022, 15:37:44] [masking_exp-csms_csms_t1_tauyc]
get scores for 1670 papers
[04/01/2022, 15:37:45] [masking_exp-csms_csms_t1_tauyc]
task end within 1.217049 sec
[04/01/2022, 15:37:45] [exp-csms_csms_t1_tauyc]
============== end 1670 ==============


[04/01/2022, 15:37:45] [exp-csms_csms_t1_tauc]
============== start ==============
[04/01/2022, 15:37:45] [masking_exp-csms_csms_t1_tauc]
get scores for 1670 papers
[04/01/2022, 15:37:46] [masking_exp-csms_csms_t1_tauc]
task end within 1.230575 sec
[04/01/2022, 15:37:46] [exp-csms_csms_t1_tauc]
============== end 1670 ==============


[04/01/2022, 15:37:46] [exp-csms_csms_t1_ty]
============== start ==============
[04/01/2022, 15:37:46] [masking_exp-csms_csms_t1_ty]
get scores for 1670 papers
[04/01/2022, 15:37:48] [masking_exp-csms_csms_t1_ty]
task end within 1.321503 sec
[04/01/2022, 15:37:48] [exp-csms_csms_t1_ty]
============== end 1670 ==============


[04/01/2022, 15:37:48] [exp-csms_csms_t1_tyc]
============== start ==============
[04/01/2022, 15:37:48] [masking_exp-csms_csms_t1_tyc]
get scores for 1670 papers
[04/01/2022, 15:37:49] [masking_exp-csms_csms_t1_tyc]
task end within 1.390493 sec
[04/01/2022, 15:37:49] [exp-csms_csms_t1_tyc]
============== end 1670 ==============


[04/01/2022, 15:37:49] [exp-csms_csms_t1_tc]
============== start ==============
[04/01/2022, 15:37:49] [masking_exp-csms_csms_t1_tc]
get scores for 1670 papers
[04/01/2022, 15:37:50] [masking_exp-csms_csms_t1_tc]
task end within 1.411047 sec
[04/01/2022, 15:37:50] [exp-csms_csms_t1_tc]
============== end 1670 ==============


[04/01/2022, 15:37:50] [exp-csms_csms_t1_absv]
============== start ==============
[04/01/2022, 15:37:50] [masking_exp-csms_csms_t1_absv]
get scores for 1670 papers
[04/01/2022, 15:37:52] [masking_exp-csms_csms_t1_absv]
task end within 1.202612 sec
[04/01/2022, 15:37:52] [exp-csms_csms_t1_absv]
============== end 1670 ==============


[04/01/2022, 15:37:52] [exp-csms_csms_t1_absvau]
============== start ==============
[04/01/2022, 15:37:52] [masking_exp-csms_csms_t1_absvau]
get scores for 1670 papers
[04/01/2022, 15:37:53] [masking_exp-csms_csms_t1_absvau]
task end within 0.983145 sec
[04/01/2022, 15:37:53] [exp-csms_csms_t1_absvau]
============== end 1670 ==============


[04/01/2022, 15:37:53] [exp-csms_csms_t1_absvauy]
============== start ==============
[04/01/2022, 15:37:53] [masking_exp-csms_csms_t1_absvauy]
get scores for 1670 papers
[04/01/2022, 15:37:54] [masking_exp-csms_csms_t1_absvauy]
task end within 0.995633 sec
[04/01/2022, 15:37:54] [exp-csms_csms_t1_absvauy]
============== end 1670 ==============


[04/01/2022, 15:37:54] [exp-csms_csms_t1_absvauyc]
============== start ==============
[04/01/2022, 15:37:54] [masking_exp-csms_csms_t1_absvauyc]
get scores for 1670 papers
[04/01/2022, 15:37:55] [masking_exp-csms_csms_t1_absvauyc]
task end within 0.987792 sec
[04/01/2022, 15:37:55] [exp-csms_csms_t1_absvauyc]
============== end 1670 ==============


[04/01/2022, 15:37:55] [exp-csms_csms_t1_absvauc]
============== start ==============
[04/01/2022, 15:37:55] [masking_exp-csms_csms_t1_absvauc]
get scores for 1670 papers
[04/01/2022, 15:37:56] [masking_exp-csms_csms_t1_absvauc]
task end within 0.971581 sec
[04/01/2022, 15:37:56] [exp-csms_csms_t1_absvauc]
============== end 1670 ==============


[04/01/2022, 15:37:56] [exp-csms_csms_t1_absvy]
============== start ==============
[04/01/2022, 15:37:56] [masking_exp-csms_csms_t1_absvy]
get scores for 1670 papers
[04/01/2022, 15:37:57] [masking_exp-csms_csms_t1_absvy]
task end within 1.135011 sec
[04/01/2022, 15:37:57] [exp-csms_csms_t1_absvy]
============== end 1670 ==============


[04/01/2022, 15:37:57] [exp-csms_csms_t1_absvyc]
============== start ==============
[04/01/2022, 15:37:57] [masking_exp-csms_csms_t1_absvyc]
get scores for 1670 papers
[04/01/2022, 15:37:58] [masking_exp-csms_csms_t1_absvyc]
task end within 1.143596 sec
[04/01/2022, 15:37:58] [exp-csms_csms_t1_absvyc]
============== end 1670 ==============


[04/01/2022, 15:37:58] [exp-csms_csms_t1_absvc]
============== start ==============
[04/01/2022, 15:37:58] [masking_exp-csms_csms_t1_absvc]
get scores for 1670 papers
[04/01/2022, 15:37:59] [masking_exp-csms_csms_t1_absvc]
task end within 1.109981 sec
[04/01/2022, 15:37:59] [exp-csms_csms_t1_absvc]
============== end 1670 ==============


[04/01/2022, 15:37:59] [exp-csms_csms_t1_absau]
============== start ==============
[04/01/2022, 15:37:59] [masking_exp-csms_csms_t1_absau]
get scores for 1670 papers
[04/01/2022, 15:38:00] [masking_exp-csms_csms_t1_absau]
task end within 0.991291 sec
[04/01/2022, 15:38:00] [exp-csms_csms_t1_absau]
============== end 1670 ==============


[04/01/2022, 15:38:00] [exp-csms_csms_t1_absauy]
============== start ==============
[04/01/2022, 15:38:00] [masking_exp-csms_csms_t1_absauy]
get scores for 1670 papers
[04/01/2022, 15:38:01] [masking_exp-csms_csms_t1_absauy]
task end within 0.990077 sec
[04/01/2022, 15:38:01] [exp-csms_csms_t1_absauy]
============== end 1670 ==============


[04/01/2022, 15:38:01] [exp-csms_csms_t1_absauyc]
============== start ==============
[04/01/2022, 15:38:01] [masking_exp-csms_csms_t1_absauyc]
get scores for 1670 papers
[04/01/2022, 15:38:02] [masking_exp-csms_csms_t1_absauyc]
task end within 1.014135 sec
[04/01/2022, 15:38:02] [exp-csms_csms_t1_absauyc]
============== end 1670 ==============


[04/01/2022, 15:38:02] [exp-csms_csms_t1_absauc]
============== start ==============
[04/01/2022, 15:38:02] [masking_exp-csms_csms_t1_absauc]
get scores for 1670 papers
[04/01/2022, 15:38:03] [masking_exp-csms_csms_t1_absauc]
task end within 1.021707 sec
[04/01/2022, 15:38:03] [exp-csms_csms_t1_absauc]
============== end 1670 ==============


[04/01/2022, 15:38:03] [exp-csms_csms_t1_absy]
============== start ==============
[04/01/2022, 15:38:03] [masking_exp-csms_csms_t1_absy]
get scores for 1670 papers
[04/01/2022, 15:38:05] [masking_exp-csms_csms_t1_absy]
task end within 1.199398 sec
[04/01/2022, 15:38:05] [exp-csms_csms_t1_absy]
============== end 1670 ==============


[04/01/2022, 15:38:05] [exp-csms_csms_t1_absyc]
============== start ==============
[04/01/2022, 15:38:05] [masking_exp-csms_csms_t1_absyc]
get scores for 1670 papers
[04/01/2022, 15:38:06] [masking_exp-csms_csms_t1_absyc]
task end within 1.15307 sec
[04/01/2022, 15:38:06] [exp-csms_csms_t1_absyc]
============== end 1670 ==============


[04/01/2022, 15:38:06] [exp-csms_csms_t1_absc]
============== start ==============
[04/01/2022, 15:38:06] [masking_exp-csms_csms_t1_absc]
get scores for 1670 papers
[04/01/2022, 15:38:07] [masking_exp-csms_csms_t1_absc]
task end within 1.139277 sec
[04/01/2022, 15:38:07] [exp-csms_csms_t1_absc]
============== end 1670 ==============


[04/01/2022, 15:38:07] [exp-csms_csms_t1_vau]
============== start ==============
[04/01/2022, 15:38:07] [masking_exp-csms_csms_t1_vau]
get scores for 1670 papers
[04/01/2022, 15:38:08] [masking_exp-csms_csms_t1_vau]
task end within 1.247131 sec
[04/01/2022, 15:38:08] [exp-csms_csms_t1_vau]
============== end 1670 ==============


[04/01/2022, 15:38:08] [exp-csms_csms_t1_vauy]
============== start ==============
[04/01/2022, 15:38:08] [masking_exp-csms_csms_t1_vauy]
get scores for 1670 papers
[04/01/2022, 15:38:10] [masking_exp-csms_csms_t1_vauy]
task end within 1.244263 sec
[04/01/2022, 15:38:10] [exp-csms_csms_t1_vauy]
============== end 1670 ==============


[04/01/2022, 15:38:10] [exp-csms_csms_t1_vauyc]
============== start ==============
[04/01/2022, 15:38:10] [masking_exp-csms_csms_t1_vauyc]
get scores for 1670 papers
[04/01/2022, 15:38:11] [masking_exp-csms_csms_t1_vauyc]
task end within 1.293096 sec
[04/01/2022, 15:38:11] [exp-csms_csms_t1_vauyc]
============== end 1670 ==============


[04/01/2022, 15:38:11] [exp-csms_csms_t1_vauc]
============== start ==============
[04/01/2022, 15:38:11] [masking_exp-csms_csms_t1_vauc]
get scores for 1670 papers
[04/01/2022, 15:38:12] [masking_exp-csms_csms_t1_vauc]
task end within 1.239954 sec
[04/01/2022, 15:38:12] [exp-csms_csms_t1_vauc]
============== end 1670 ==============


[04/01/2022, 15:38:12] [exp-csms_csms_t1_vy]
============== start ==============
[04/01/2022, 15:38:12] [masking_exp-csms_csms_t1_vy]
get scores for 1670 papers
[04/01/2022, 15:38:14] [masking_exp-csms_csms_t1_vy]
task end within 1.434021 sec
[04/01/2022, 15:38:14] [exp-csms_csms_t1_vy]
============== end 1670 ==============


[04/01/2022, 15:38:14] [exp-csms_csms_t1_vyc]
============== start ==============
[04/01/2022, 15:38:14] [masking_exp-csms_csms_t1_vyc]
get scores for 1670 papers
[04/01/2022, 15:38:15] [masking_exp-csms_csms_t1_vyc]
task end within 1.464676 sec
[04/01/2022, 15:38:15] [exp-csms_csms_t1_vyc]
============== end 1670 ==============


[04/01/2022, 15:38:15] [exp-csms_csms_t1_vc]
============== start ==============
[04/01/2022, 15:38:15] [masking_exp-csms_csms_t1_vc]
get scores for 1670 papers
[04/01/2022, 15:38:17] [masking_exp-csms_csms_t1_vc]
task end within 1.499364 sec
[04/01/2022, 15:38:17] [exp-csms_csms_t1_vc]
============== end 1670 ==============


[04/01/2022, 15:38:17] [exp-csms_csms_t1_auy]
============== start ==============
[04/01/2022, 15:38:17] [masking_exp-csms_csms_t1_auy]
get scores for 1670 papers
[04/01/2022, 15:38:18] [masking_exp-csms_csms_t1_auy]
task end within 1.301864 sec
[04/01/2022, 15:38:18] [exp-csms_csms_t1_auy]
============== end 1670 ==============


[04/01/2022, 15:38:18] [exp-csms_csms_t1_auyc]
============== start ==============
[04/01/2022, 15:38:18] [masking_exp-csms_csms_t1_auyc]
get scores for 1670 papers
[04/01/2022, 15:38:19] [masking_exp-csms_csms_t1_auyc]
task end within 1.215686 sec
[04/01/2022, 15:38:19] [exp-csms_csms_t1_auyc]
============== end 1670 ==============


[04/01/2022, 15:38:19] [exp-csms_csms_t1_auc]
============== start ==============
[04/01/2022, 15:38:19] [masking_exp-csms_csms_t1_auc]
get scores for 1670 papers
[04/01/2022, 15:38:21] [masking_exp-csms_csms_t1_auc]
task end within 1.265651 sec
[04/01/2022, 15:38:21] [exp-csms_csms_t1_auc]
============== end 1670 ==============


[04/01/2022, 15:38:21] [exp-csms_csms_t1_yc]
============== start ==============
[04/01/2022, 15:38:21] [masking_exp-csms_csms_t1_yc]
get scores for 1670 papers
[04/01/2022, 15:38:22] [masking_exp-csms_csms_t1_yc]
task end within 1.395119 sec
[04/01/2022, 15:38:22] [exp-csms_csms_t1_yc]
============== end 1670 ==============
